<?xml version="1.0" encoding="UTF-8"?>
<testng-results skipped="0" failed="1" total="1" passed="0">
  <reporter-output>
  </reporter-output>
  <suite name="Default suite" duration-ms="33484" started-at="2015-07-24T15:09:06Z" finished-at="2015-07-24T15:09:39Z">
    <groups>
      <group name="spring-REST">
        <method signature="OneKeyTests.verifySpringREST()[pri:0, instance:com.almundo.automation.tests.OneKeyTests@7712e4dc]" name="verifySpringREST" class="com.almundo.automation.tests.OneKeyTests"/>
      </group> <!-- spring-REST -->
    </groups>
    <test name="Default test" duration-ms="33484" started-at="2015-07-24T15:09:06Z" finished-at="2015-07-24T15:09:39Z">
      <class name="com.almundo.automation.tests.OneKeyTests">
        <test-method status="FAIL" signature="verifySpringREST()[pri:0, instance:com.almundo.automation.tests.OneKeyTests@7712e4dc]" name="verifySpringREST" duration-ms="33471" started-at="2015-07-24T10:09:06Z" description="Spring REST services" finished-at="2015-07-24T10:09:39Z">
          <exception class="org.springframework.web.client.HttpClientErrorException">
            <message>
              <![CDATA[400 Bad Request]]>
            </message>
            <full-stacktrace>
              <![CDATA[org.springframework.web.client.HttpClientErrorException: 400 Bad Request
	at org.springframework.web.client.DefaultResponseErrorHandler.handleError(DefaultResponseErrorHandler.java:91)
	at org.springframework.web.client.RestTemplate.handleResponse(RestTemplate.java:614)
	at org.springframework.web.client.RestTemplate.doExecute(RestTemplate.java:570)
	at org.springframework.web.client.RestTemplate.execute(RestTemplate.java:530)
	at org.springframework.web.client.RestTemplate.getForEntity(RestTemplate.java:262)
	at com.almundo.automation.services.OneKeyController.template(OneKeyController.java:16)
	at com.almundo.automation.tests.OneKeyTests.verifySpringREST(OneKeyTests.java:13)
	at sun.reflect.NativeMethodAccessorImpl.invoke0(Native Method)
	at sun.reflect.NativeMethodAccessorImpl.invoke(NativeMethodAccessorImpl.java:57)
	at sun.reflect.DelegatingMethodAccessorImpl.invoke(DelegatingMethodAccessorImpl.java:43)
	at java.lang.reflect.Method.invoke(Method.java:606)
	at org.testng.internal.MethodInvocationHelper.invokeMethod(MethodInvocationHelper.java:84)
	at org.testng.internal.Invoker.invokeMethod(Invoker.java:714)
	at org.testng.internal.Invoker.invokeTestMethod(Invoker.java:901)
	at org.testng.internal.Invoker.invokeTestMethods(Invoker.java:1231)
	at org.testng.internal.TestMethodWorker.invokeTestMethods(TestMethodWorker.java:127)
	at org.testng.internal.TestMethodWorker.run(TestMethodWorker.java:111)
	at org.testng.TestRunner.privateRun(TestRunner.java:767)
	at org.testng.TestRunner.run(TestRunner.java:617)
	at org.testng.SuiteRunner.runTest(SuiteRunner.java:334)
	at org.testng.SuiteRunner.runSequentially(SuiteRunner.java:329)
	at org.testng.SuiteRunner.privateRun(SuiteRunner.java:291)
	at org.testng.SuiteRunner.run(SuiteRunner.java:240)
	at org.testng.SuiteRunnerWorker.runSuite(SuiteRunnerWorker.java:52)
	at org.testng.SuiteRunnerWorker.run(SuiteRunnerWorker.java:86)
	at org.testng.TestNG.runSuitesSequentially(TestNG.java:1224)
	at org.testng.TestNG.runSuitesLocally(TestNG.java:1149)
	at org.testng.TestNG.run(TestNG.java:1057)
	at org.testng.remote.RemoteTestNG.run(RemoteTestNG.java:111)
	at org.testng.remote.RemoteTestNG.initAndRun(RemoteTestNG.java:204)
	at org.testng.remote.RemoteTestNG.main(RemoteTestNG.java:175)
]]>
            </full-stacktrace>
          </exception> <!-- org.springframework.web.client.HttpClientErrorException -->
          <reporter-output>
          </reporter-output>
        </test-method> <!-- verifySpringREST -->
      </class> <!-- com.almundo.automation.tests.OneKeyTests -->
    </test> <!-- Default test -->
  </suite> <!-- Default suite -->
</testng-results>
